Removed Pin From Net: NetName=Netact1_2 Pin=HDR_DE0_1-13
Removed Pin From Net: NetName=Netact2_2 Pin=HDR_DE0_1-15
Removed Pin From Net: NetName=Netact3_2 Pin=HDR_DE0_1-17
Removed Pin From Net: NetName=Netact4_2 Pin=HDR_DE0_1-23
Removed Pin From Net: NetName=Netact5_2 Pin=HDR_DE0_1-25
Removed Pin From Net: NetName=Netact6_2 Pin=HDR_DE0_1-27
Removed Pin From Net: NetName=NetR1_51_1 Pin=R1_51-1
Removed Pin From Net: NetName=NetR1_51_1 Pin=R1_100-2
Removed Pin From Net: NetName=NetR2_51_1 Pin=R2_51-1
Removed Pin From Net: NetName=NetR2_51_1 Pin=R2_100-2
Removed Pin From Net: NetName=NetR3_51_1 Pin=R3_51-1
Removed Pin From Net: NetName=NetR3_51_1 Pin=R3_100-2
Removed Pin From Net: NetName=NetR4_51_1 Pin=R4_51-1
Removed Pin From Net: NetName=NetR4_51_1 Pin=R4_100-2
Removed Pin From Net: NetName=NetR5_51_1 Pin=R5_51-1
Removed Pin From Net: NetName=NetR5_51_1 Pin=R5_100-2
Removed Pin From Net: NetName=NetR6_51_1 Pin=R6_51-1
Removed Pin From Net: NetName=NetR6_51_1 Pin=R6_100-2
Removed Pin From Net: NetName=NetR7_51_1 Pin=R7_51-1
Removed Pin From Net: NetName=NetR7_51_1 Pin=R7_100-2
Removed Pin From Net: NetName=NetR8_51_1 Pin=R8_51-1
Removed Pin From Net: NetName=NetR8_51_1 Pin=R8_100-2
Added Pin To Net: NetName=Netact1_2 Pin=HDR_DE0_1-14
Added Pin To Net: NetName=Netact1_2 Pin=HDR_DE0_1-14
Added Pin To Net: NetName=Netact2_2 Pin=HDR_DE0_1-16
Added Pin To Net: NetName=Netact2_2 Pin=HDR_DE0_1-16
Added Pin To Net: NetName=Netact3_2 Pin=HDR_DE0_1-18
Added Pin To Net: NetName=Netact3_2 Pin=HDR_DE0_1-18
Added Pin To Net: NetName=Netact4_2 Pin=HDR_DE0_1-24
Added Pin To Net: NetName=Netact4_2 Pin=HDR_DE0_1-24
Added Pin To Net: NetName=Netact5_2 Pin=HDR_DE0_1-26
Added Pin To Net: NetName=Netact5_2 Pin=HDR_DE0_1-26
Added Pin To Net: NetName=Netact6_2 Pin=HDR_DE0_1-28
Added Pin To Net: NetName=Netact6_2 Pin=HDR_DE0_1-28
Change Net Name : Old Net Name=NetR1_51_1 New Net Name=NetSeg_Disp1_14
Change Net Name : Old Net Name=NetR2_51_1 New Net Name=NetSeg_Disp1_13
Change Net Name : Old Net Name=NetR3_51_1 New Net Name=NetSeg_Disp1_11
Change Net Name : Old Net Name=NetR4_51_1 New Net Name=NetSeg_Disp1_7
Change Net Name : Old Net Name=NetR5_51_1 New Net Name=NetSeg_Disp1_6
Change Net Name : Old Net Name=NetR6_51_1 New Net Name=NetSeg_Disp1_2
Change Net Name : Old Net Name=NetR7_51_1 New Net Name=NetSeg_Disp1_3
Change Net Name : Old Net Name=NetR8_51_1 New Net Name=NetSeg_Disp1_10
Added Pin To Net: NetName=NetHDR_DE0_1_7 Pin=HDR_DE0_1-7
Added Pin To Net: NetName=NetHDR_DE0_1_7 Pin=HDR_DE0_1-7
Added Pin To Net: NetName=NetHDR_DE0_1_7 Pin=R4_51-2
Added Net: Name=NetHDR_DE0_1_7
Added Pin To Net: NetName=NetHDR_DE0_1_9 Pin=HDR_DE0_1-9
Added Pin To Net: NetName=NetHDR_DE0_1_9 Pin=HDR_DE0_1-9
Added Pin To Net: NetName=NetHDR_DE0_1_9 Pin=R5_51-2
Added Net: Name=NetHDR_DE0_1_9
Added Pin To Net: NetName=NetHDR_DE0_1_13 Pin=HDR_DE0_1-13
Added Pin To Net: NetName=NetHDR_DE0_1_13 Pin=HDR_DE0_1-13
Added Pin To Net: NetName=NetHDR_DE0_1_13 Pin=R1_51-2
Added Net: Name=NetHDR_DE0_1_13
Added Pin To Net: NetName=NetHDR_DE0_1_15 Pin=HDR_DE0_1-15
Added Pin To Net: NetName=NetHDR_DE0_1_15 Pin=HDR_DE0_1-15
Added Pin To Net: NetName=NetHDR_DE0_1_15 Pin=R2_51-2
Added Net: Name=NetHDR_DE0_1_15
Added Pin To Net: NetName=NetHDR_DE0_1_17 Pin=HDR_DE0_1-17
Added Pin To Net: NetName=NetHDR_DE0_1_17 Pin=HDR_DE0_1-17
Added Pin To Net: NetName=NetHDR_DE0_1_17 Pin=R3_51-2
Added Net: Name=NetHDR_DE0_1_17
Added Pin To Net: NetName=NetHDR_DE0_1_23 Pin=HDR_DE0_1-23
Added Pin To Net: NetName=NetHDR_DE0_1_23 Pin=HDR_DE0_1-23
Added Pin To Net: NetName=NetHDR_DE0_1_23 Pin=R6_51-2
Added Net: Name=NetHDR_DE0_1_23
Added Pin To Net: NetName=NetHDR_DE0_1_25 Pin=HDR_DE0_1-25
Added Pin To Net: NetName=NetHDR_DE0_1_25 Pin=HDR_DE0_1-25
Added Pin To Net: NetName=NetHDR_DE0_1_25 Pin=R7_51-2
Added Net: Name=NetHDR_DE0_1_25
Added Pin To Net: NetName=NetHDR_DE0_1_27 Pin=HDR_DE0_1-27
Added Pin To Net: NetName=NetHDR_DE0_1_27 Pin=HDR_DE0_1-27
Added Pin To Net: NetName=NetHDR_DE0_1_27 Pin=R8_51-2
Added Net: Name=NetHDR_DE0_1_27
Added Pin To Net: NetName=NetHDR_DE0_1_35 Pin=HDR_DE0_1-35
Added Pin To Net: NetName=NetHDR_DE0_1_35 Pin=HDR_DE0_1-35
Added Pin To Net: NetName=NetHDR_DE0_1_35 Pin=HDR_DE0_1-37
Added Pin To Net: NetName=NetHDR_DE0_1_35 Pin=HDR_DE0_1-37
Added Pin To Net: NetName=NetHDR_DE0_1_35 Pin=HDR_DE0_1-39
Added Pin To Net: NetName=NetHDR_DE0_1_35 Pin=HDR_DE0_1-39
Added Pin To Net: NetName=NetHDR_DE0_1_35 Pin=micro_bouton1-2
Added Pin To Net: NetName=NetHDR_DE0_1_35 Pin=micro_bouton1-2
Added Pin To Net: NetName=NetHDR_DE0_1_35 Pin=micro_bouton2-2
Added Pin To Net: NetName=NetHDR_DE0_1_35 Pin=micro_bouton2-2
Added Pin To Net: NetName=NetHDR_DE0_1_35 Pin=micro_bouton3-2
Added Pin To Net: NetName=NetHDR_DE0_1_35 Pin=micro_bouton3-2
Added Net: Name=NetHDR_DE0_1_35
Added Pin To Net: NetName=NetR1_51_1 Pin=R1_51-1
Added Pin To Net: NetName=NetR1_51_1 Pin=R1_100-2
Added Net: Name=NetR1_51_1
Added Pin To Net: NetName=NetR2_51_1 Pin=R2_51-1
Added Pin To Net: NetName=NetR2_51_1 Pin=R2_100-2
Added Net: Name=NetR2_51_1
Added Pin To Net: NetName=NetR3_51_1 Pin=R3_51-1
Added Pin To Net: NetName=NetR3_51_1 Pin=R3_100-2
Added Net: Name=NetR3_51_1
Added Pin To Net: NetName=NetR4_51_1 Pin=R4_51-1
Added Pin To Net: NetName=NetR4_51_1 Pin=R4_100-2
Added Net: Name=NetR4_51_1
Added Pin To Net: NetName=NetR5_51_1 Pin=R5_51-1
Added Pin To Net: NetName=NetR5_51_1 Pin=R5_100-2
Added Net: Name=NetR5_51_1
Added Pin To Net: NetName=NetR6_51_1 Pin=R6_51-1
Added Pin To Net: NetName=NetR6_51_1 Pin=R6_100-2
Added Net: Name=NetR6_51_1
Added Pin To Net: NetName=NetR7_51_1 Pin=R7_51-1
Added Pin To Net: NetName=NetR7_51_1 Pin=R7_100-2
Added Net: Name=NetR7_51_1
Added Pin To Net: NetName=NetR8_51_1 Pin=R8_51-1
Added Pin To Net: NetName=NetR8_51_1 Pin=R8_100-2
Added Net: Name=NetR8_51_1
Added Room: Name=Schema_Horloge_DCF
