Change Component Designator: OldDesignator=HDR_DE0_? NewDesignator=HDR_DE0_1
Added Component: Designator=act1(Diodes_SOT23_0)
Add component (AddParameter): Name = "Mounting"; Value = "YES"; VariantName = "[No Variations]"
Add component (AddParameter): Name = "Supplier 1"; Value = "RSComponents"; VariantName = "[No Variations]"
Add component (AddParameter): Name = "Supplier Part Number 1"; Value = "9227822"; VariantName = "[No Variations]"
Added Component: Designator=act2(Diodes_SOT23_0)
Add component (AddParameter): Name = "Mounting"; Value = "YES"; VariantName = "[No Variations]"
Add component (AddParameter): Name = "Supplier 1"; Value = "RSComponents"; VariantName = "[No Variations]"
Add component (AddParameter): Name = "Supplier Part Number 1"; Value = "9227822"; VariantName = "[No Variations]"
Added Component: Designator=act3(Diodes_SOT23_0)
Add component (AddParameter): Name = "Mounting"; Value = "YES"; VariantName = "[No Variations]"
Add component (AddParameter): Name = "Supplier 1"; Value = "RSComponents"; VariantName = "[No Variations]"
Add component (AddParameter): Name = "Supplier Part Number 1"; Value = "9227822"; VariantName = "[No Variations]"
Added Component: Designator=act4(Diodes_SOT23_0)
Add component (AddParameter): Name = "Mounting"; Value = "YES"; VariantName = "[No Variations]"
Add component (AddParameter): Name = "Supplier 1"; Value = "RSComponents"; VariantName = "[No Variations]"
Add component (AddParameter): Name = "Supplier Part Number 1"; Value = "9227822"; VariantName = "[No Variations]"
Added Component: Designator=act5(Diodes_SOT23_0)
Add component (AddParameter): Name = "Mounting"; Value = "YES"; VariantName = "[No Variations]"
Add component (AddParameter): Name = "Supplier 1"; Value = "RSComponents"; VariantName = "[No Variations]"
Add component (AddParameter): Name = "Supplier Part Number 1"; Value = "9227822"; VariantName = "[No Variations]"
Added Component: Designator=act6(Diodes_SOT23_0)
Add component (AddParameter): Name = "Mounting"; Value = "YES"; VariantName = "[No Variations]"
Add component (AddParameter): Name = "Supplier 1"; Value = "RSComponents"; VariantName = "[No Variations]"
Add component (AddParameter): Name = "Supplier Part Number 1"; Value = "9227822"; VariantName = "[No Variations]"
Added Component: Designator=micro_bouton1(Tactile Switch)
Add component (AddParameter): Name = "Supplier 1"; Value = "Farnell"; VariantName = "[No Variations]"
Add component (AddParameter): Name = "Supplier 2"; Value = "Farnell"; VariantName = "[No Variations]"
Add component (AddParameter): Name = "Supplier Part Number 1"; Value = "1555991"; VariantName = "[No Variations]"
Add component (AddParameter): Name = "Supplier Part Number 2"; Value = "1555982"; VariantName = "[No Variations]"
Added Component: Designator=micro_bouton2(Tactile Switch)
Add component (AddParameter): Name = "Supplier 1"; Value = "Farnell"; VariantName = "[No Variations]"
Add component (AddParameter): Name = "Supplier 2"; Value = "Farnell"; VariantName = "[No Variations]"
Add component (AddParameter): Name = "Supplier Part Number 1"; Value = "1555991"; VariantName = "[No Variations]"
Add component (AddParameter): Name = "Supplier Part Number 2"; Value = "1555982"; VariantName = "[No Variations]"
Added Component: Designator=R1_51(RESC2012X05N)
Add component (AddParameter): Name = "Mounting"; Value = "YES"; VariantName = "[No Variations]"
Add component (AddParameter): Name = "Supplier 1"; Value = "RSComponents"; VariantName = "[No Variations]"
Add component (AddParameter): Name = "Supplier Part Number 1"; Value = "1701972"; VariantName = "[No Variations]"
Add component (AddParameter): Name = "Value"; Value = "51"; VariantName = "[No Variations]"
Added Component: Designator=R1_100(RESC3116X06N)
Add component (AddParameter): Name = "Mounting"; Value = "YES"; VariantName = "[No Variations]"
Add component (AddParameter): Name = "Supplier 1"; Value = "Farnell"; VariantName = "[No Variations]"
Add component (AddParameter): Name = "Supplier Part Number 1"; Value = "2689160"; VariantName = "[No Variations]"
Add component (AddParameter): Name = "Value"; Value = "100"; VariantName = "[No Variations]"
Added Component: Designator=R1(RESC2012X05N)
Add component (AddParameter): Name = "Mounting"; Value = "YES"; VariantName = "[No Variations]"
Add component (AddParameter): Name = "Value"; Value = "1K"; VariantName = "[No Variations]"
Added Component: Designator=R2_51(RESC2012X05N)
Add component (AddParameter): Name = "Mounting"; Value = "YES"; VariantName = "[No Variations]"
Add component (AddParameter): Name = "Supplier 1"; Value = "RSComponents"; VariantName = "[No Variations]"
Add component (AddParameter): Name = "Supplier Part Number 1"; Value = "1701972"; VariantName = "[No Variations]"
Add component (AddParameter): Name = "Value"; Value = "51"; VariantName = "[No Variations]"
Added Component: Designator=R2_100(RESC3116X06N)
Add component (AddParameter): Name = "Mounting"; Value = "YES"; VariantName = "[No Variations]"
Add component (AddParameter): Name = "Supplier 1"; Value = "Farnell"; VariantName = "[No Variations]"
Add component (AddParameter): Name = "Supplier Part Number 1"; Value = "2689160"; VariantName = "[No Variations]"
Add component (AddParameter): Name = "Value"; Value = "100"; VariantName = "[No Variations]"
Added Component: Designator=R2(RESC2012X05N)
Add component (AddParameter): Name = "Mounting"; Value = "YES"; VariantName = "[No Variations]"
Add component (AddParameter): Name = "Value"; Value = "1K"; VariantName = "[No Variations]"
Added Component: Designator=R3_51(RESC2012X05N)
Add component (AddParameter): Name = "Mounting"; Value = "YES"; VariantName = "[No Variations]"
Add component (AddParameter): Name = "Supplier 1"; Value = "RSComponents"; VariantName = "[No Variations]"
Add component (AddParameter): Name = "Supplier Part Number 1"; Value = "1701972"; VariantName = "[No Variations]"
Add component (AddParameter): Name = "Value"; Value = "51"; VariantName = "[No Variations]"
Added Component: Designator=R3_100(RESC3116X06N)
Add component (AddParameter): Name = "Mounting"; Value = "YES"; VariantName = "[No Variations]"
Add component (AddParameter): Name = "Supplier 1"; Value = "Farnell"; VariantName = "[No Variations]"
Add component (AddParameter): Name = "Supplier Part Number 1"; Value = "2689160"; VariantName = "[No Variations]"
Add component (AddParameter): Name = "Value"; Value = "100"; VariantName = "[No Variations]"
Added Component: Designator=R4_51(RESC2012X05N)
Add component (AddParameter): Name = "Mounting"; Value = "YES"; VariantName = "[No Variations]"
Add component (AddParameter): Name = "Supplier 1"; Value = "RSComponents"; VariantName = "[No Variations]"
Add component (AddParameter): Name = "Supplier Part Number 1"; Value = "1701972"; VariantName = "[No Variations]"
Add component (AddParameter): Name = "Value"; Value = "51"; VariantName = "[No Variations]"
Added Component: Designator=R4_100(RESC3116X06N)
Add component (AddParameter): Name = "Mounting"; Value = "YES"; VariantName = "[No Variations]"
Add component (AddParameter): Name = "Supplier 1"; Value = "Farnell"; VariantName = "[No Variations]"
Add component (AddParameter): Name = "Supplier Part Number 1"; Value = "2689160"; VariantName = "[No Variations]"
Add component (AddParameter): Name = "Value"; Value = "100"; VariantName = "[No Variations]"
Added Component: Designator=R5_51(RESC2012X05N)
Add component (AddParameter): Name = "Mounting"; Value = "YES"; VariantName = "[No Variations]"
Add component (AddParameter): Name = "Supplier 1"; Value = "RSComponents"; VariantName = "[No Variations]"
Add component (AddParameter): Name = "Supplier Part Number 1"; Value = "1701972"; VariantName = "[No Variations]"
Add component (AddParameter): Name = "Value"; Value = "51"; VariantName = "[No Variations]"
Added Component: Designator=R5_100(RESC3116X06N)
Add component (AddParameter): Name = "Mounting"; Value = "YES"; VariantName = "[No Variations]"
Add component (AddParameter): Name = "Supplier 1"; Value = "Farnell"; VariantName = "[No Variations]"
Add component (AddParameter): Name = "Supplier Part Number 1"; Value = "2689160"; VariantName = "[No Variations]"
Add component (AddParameter): Name = "Value"; Value = "100"; VariantName = "[No Variations]"
Added Component: Designator=R6_51(RESC2012X05N)
Add component (AddParameter): Name = "Mounting"; Value = "YES"; VariantName = "[No Variations]"
Add component (AddParameter): Name = "Supplier 1"; Value = "RSComponents"; VariantName = "[No Variations]"
Add component (AddParameter): Name = "Supplier Part Number 1"; Value = "1701972"; VariantName = "[No Variations]"
Add component (AddParameter): Name = "Value"; Value = "51"; VariantName = "[No Variations]"
Added Component: Designator=R6_100(RESC3116X06N)
Add component (AddParameter): Name = "Mounting"; Value = "YES"; VariantName = "[No Variations]"
Add component (AddParameter): Name = "Supplier 1"; Value = "Farnell"; VariantName = "[No Variations]"
Add component (AddParameter): Name = "Supplier Part Number 1"; Value = "2689160"; VariantName = "[No Variations]"
Add component (AddParameter): Name = "Value"; Value = "100"; VariantName = "[No Variations]"
Added Component: Designator=R7_51(RESC2012X05N)
Add component (AddParameter): Name = "Mounting"; Value = "YES"; VariantName = "[No Variations]"
Add component (AddParameter): Name = "Supplier 1"; Value = "RSComponents"; VariantName = "[No Variations]"
Add component (AddParameter): Name = "Supplier Part Number 1"; Value = "1701972"; VariantName = "[No Variations]"
Add component (AddParameter): Name = "Value"; Value = "51"; VariantName = "[No Variations]"
Added Component: Designator=R7_100(RESC3116X06N)
Add component (AddParameter): Name = "Mounting"; Value = "YES"; VariantName = "[No Variations]"
Add component (AddParameter): Name = "Supplier 1"; Value = "Farnell"; VariantName = "[No Variations]"
Add component (AddParameter): Name = "Supplier Part Number 1"; Value = "2689160"; VariantName = "[No Variations]"
Add component (AddParameter): Name = "Value"; Value = "100"; VariantName = "[No Variations]"
Added Component: Designator=R8_51(RESC2012X05N)
Add component (AddParameter): Name = "Mounting"; Value = "YES"; VariantName = "[No Variations]"
Add component (AddParameter): Name = "Supplier 1"; Value = "RSComponents"; VariantName = "[No Variations]"
Add component (AddParameter): Name = "Supplier Part Number 1"; Value = "1701972"; VariantName = "[No Variations]"
Add component (AddParameter): Name = "Value"; Value = "51"; VariantName = "[No Variations]"
Added Component: Designator=R8_100(RESC3116X06N)
Add component (AddParameter): Name = "Mounting"; Value = "YES"; VariantName = "[No Variations]"
Add component (AddParameter): Name = "Supplier 1"; Value = "Farnell"; VariantName = "[No Variations]"
Add component (AddParameter): Name = "Supplier Part Number 1"; Value = "2689160"; VariantName = "[No Variations]"
Add component (AddParameter): Name = "Value"; Value = "100"; VariantName = "[No Variations]"
Added Component: Designator=Seg_Disp1(Afficheur 7 Segments)
Add component (AddParameter): Name = "Supplier 1"; Value = "Farnell"; VariantName = "[No Variations]"
Add component (AddParameter): Name = "Supplier 2"; Value = "RS-Components"; VariantName = "[No Variations]"
Add component (AddParameter): Name = "Supplier Part Number 1"; Value = "1175577"; VariantName = "[No Variations]"
Add component (AddParameter): Name = "Supplier Part Number 2"; Value = "113-4441"; VariantName = "[No Variations]"
Added Component: Designator=Seg_Disp2(Afficheur 7 Segments)
Add component (AddParameter): Name = "Supplier 1"; Value = "Farnell"; VariantName = "[No Variations]"
Add component (AddParameter): Name = "Supplier 2"; Value = "RS-Components"; VariantName = "[No Variations]"
Add component (AddParameter): Name = "Supplier Part Number 1"; Value = "1175577"; VariantName = "[No Variations]"
Add component (AddParameter): Name = "Supplier Part Number 2"; Value = "113-4441"; VariantName = "[No Variations]"
Added Component: Designator=Seg_Disp3(Afficheur 7 Segments)
Add component (AddParameter): Name = "Supplier 1"; Value = "Farnell"; VariantName = "[No Variations]"
Add component (AddParameter): Name = "Supplier 2"; Value = "RS-Components"; VariantName = "[No Variations]"
Add component (AddParameter): Name = "Supplier Part Number 1"; Value = "1175577"; VariantName = "[No Variations]"
Add component (AddParameter): Name = "Supplier Part Number 2"; Value = "113-4441"; VariantName = "[No Variations]"
Added Component: Designator=Seg_Disp4(Afficheur 7 Segments)
Add component (AddParameter): Name = "Supplier 1"; Value = "Farnell"; VariantName = "[No Variations]"
Add component (AddParameter): Name = "Supplier 2"; Value = "RS-Components"; VariantName = "[No Variations]"
Add component (AddParameter): Name = "Supplier Part Number 1"; Value = "1175577"; VariantName = "[No Variations]"
Add component (AddParameter): Name = "Supplier Part Number 2"; Value = "113-4441"; VariantName = "[No Variations]"
Added Component: Designator=Seg_Disp5(Afficheur 7 Segments)
Add component (AddParameter): Name = "Supplier 1"; Value = "Farnell"; VariantName = "[No Variations]"
Add component (AddParameter): Name = "Supplier 2"; Value = "RS-Components"; VariantName = "[No Variations]"
Add component (AddParameter): Name = "Supplier Part Number 1"; Value = "1175577"; VariantName = "[No Variations]"
Add component (AddParameter): Name = "Supplier Part Number 2"; Value = "113-4441"; VariantName = "[No Variations]"
Added Component: Designator=Seg_Disp6(Afficheur 7 Segments)
Add component (AddParameter): Name = "Supplier 1"; Value = "Farnell"; VariantName = "[No Variations]"
Add component (AddParameter): Name = "Supplier 2"; Value = "RS-Components"; VariantName = "[No Variations]"
Add component (AddParameter): Name = "Supplier Part Number 1"; Value = "1175577"; VariantName = "[No Variations]"
Add component (AddParameter): Name = "Supplier Part Number 2"; Value = "113-4441"; VariantName = "[No Variations]"
Added Pin To Net: NetName=Netact1_1 Pin=act1-1
Added Pin To Net: NetName=Netact1_1 Pin=Seg_Disp1-8
Added Net: Name=Netact1_1
Added Pin To Net: NetName=Netact1_2 Pin=act1-2
Added Pin To Net: NetName=Netact1_2 Pin=HDR_DE0_1-13
Added Pin To Net: NetName=Netact1_2 Pin=HDR_DE0_1-13
Added Net: Name=Netact1_2
Added Pin To Net: NetName=Netact1_3 Pin=act1-3
Added Pin To Net: NetName=Netact1_3 Pin=act2-3
Added Pin To Net: NetName=Netact1_3 Pin=act3-3
Added Pin To Net: NetName=Netact1_3 Pin=act4-3
Added Pin To Net: NetName=Netact1_3 Pin=act5-3
Added Pin To Net: NetName=Netact1_3 Pin=act6-3
Added Pin To Net: NetName=Netact1_3 Pin=HDR_DE0_1-12
Added Pin To Net: NetName=Netact1_3 Pin=HDR_DE0_1-12
Added Net: Name=Netact1_3
Added Pin To Net: NetName=Netact2_1 Pin=act2-1
Added Pin To Net: NetName=Netact2_1 Pin=Seg_Disp2-8
Added Net: Name=Netact2_1
Added Pin To Net: NetName=Netact2_2 Pin=act2-2
Added Pin To Net: NetName=Netact2_2 Pin=HDR_DE0_1-15
Added Pin To Net: NetName=Netact2_2 Pin=HDR_DE0_1-15
Added Net: Name=Netact2_2
Added Pin To Net: NetName=Netact3_1 Pin=act3-1
Added Pin To Net: NetName=Netact3_1 Pin=Seg_Disp3-8
Added Net: Name=Netact3_1
Added Pin To Net: NetName=Netact3_2 Pin=act3-2
Added Pin To Net: NetName=Netact3_2 Pin=HDR_DE0_1-17
Added Pin To Net: NetName=Netact3_2 Pin=HDR_DE0_1-17
Added Net: Name=Netact3_2
Added Pin To Net: NetName=Netact4_2 Pin=act4-2
Added Pin To Net: NetName=Netact4_2 Pin=HDR_DE0_1-23
Added Pin To Net: NetName=Netact4_2 Pin=HDR_DE0_1-23
Added Net: Name=Netact4_2
Added Pin To Net: NetName=Netact5_1 Pin=act5-1
Added Pin To Net: NetName=Netact5_1 Pin=Seg_Disp5-8
Added Net: Name=Netact5_1
Added Pin To Net: NetName=Netact5_2 Pin=act5-2
Added Pin To Net: NetName=Netact5_2 Pin=HDR_DE0_1-25
Added Pin To Net: NetName=Netact5_2 Pin=HDR_DE0_1-25
Added Net: Name=Netact5_2
Added Pin To Net: NetName=Netact6_1 Pin=act6-1
Added Pin To Net: NetName=Netact6_1 Pin=Seg_Disp6-8
Added Net: Name=Netact6_1
Added Pin To Net: NetName=Netact6_2 Pin=act6-2
Added Pin To Net: NetName=Netact6_2 Pin=HDR_DE0_1-27
Added Pin To Net: NetName=Netact6_2 Pin=HDR_DE0_1-27
Added Net: Name=Netact6_2
Added Pin To Net: NetName=NetHDR_DE0_1_5 Pin=HDR_DE0_1-5
Added Pin To Net: NetName=NetHDR_DE0_1_5 Pin=HDR_DE0_1-5
Added Pin To Net: NetName=NetHDR_DE0_1_5 Pin=micro_bouton1-2
Added Pin To Net: NetName=NetHDR_DE0_1_5 Pin=micro_bouton1-2
Added Net: Name=NetHDR_DE0_1_5
Added Pin To Net: NetName=NetHDR_DE0_1_9 Pin=HDR_DE0_1-9
Added Pin To Net: NetName=NetHDR_DE0_1_9 Pin=HDR_DE0_1-9
Added Pin To Net: NetName=NetHDR_DE0_1_9 Pin=micro_bouton2-2
Added Pin To Net: NetName=NetHDR_DE0_1_9 Pin=micro_bouton2-2
Added Net: Name=NetHDR_DE0_1_9
Added Pin To Net: NetName=NetHDR_DE0_1_14 Pin=HDR_DE0_1-14
Added Pin To Net: NetName=NetHDR_DE0_1_14 Pin=HDR_DE0_1-14
Added Pin To Net: NetName=NetHDR_DE0_1_14 Pin=R1_51-2
Added Net: Name=NetHDR_DE0_1_14
Added Pin To Net: NetName=NetHDR_DE0_1_16 Pin=HDR_DE0_1-16
Added Pin To Net: NetName=NetHDR_DE0_1_16 Pin=HDR_DE0_1-16
Added Pin To Net: NetName=NetHDR_DE0_1_16 Pin=R2_51-2
Added Net: Name=NetHDR_DE0_1_16
Added Pin To Net: NetName=NetHDR_DE0_1_18 Pin=HDR_DE0_1-18
Added Pin To Net: NetName=NetHDR_DE0_1_18 Pin=HDR_DE0_1-18
Added Pin To Net: NetName=NetHDR_DE0_1_18 Pin=R3_51-2
Added Net: Name=NetHDR_DE0_1_18
Added Pin To Net: NetName=NetHDR_DE0_1_20 Pin=HDR_DE0_1-20
Added Pin To Net: NetName=NetHDR_DE0_1_20 Pin=HDR_DE0_1-20
Added Pin To Net: NetName=NetHDR_DE0_1_20 Pin=R4_51-2
Added Net: Name=NetHDR_DE0_1_20
Added Pin To Net: NetName=NetHDR_DE0_1_22 Pin=HDR_DE0_1-22
Added Pin To Net: NetName=NetHDR_DE0_1_22 Pin=HDR_DE0_1-22
Added Pin To Net: NetName=NetHDR_DE0_1_22 Pin=R5_51-2
Added Net: Name=NetHDR_DE0_1_22
Added Pin To Net: NetName=NetHDR_DE0_1_24 Pin=HDR_DE0_1-24
Added Pin To Net: NetName=NetHDR_DE0_1_24 Pin=HDR_DE0_1-24
Added Pin To Net: NetName=NetHDR_DE0_1_24 Pin=R6_51-2
Added Net: Name=NetHDR_DE0_1_24
Added Pin To Net: NetName=NetHDR_DE0_1_26 Pin=HDR_DE0_1-26
Added Pin To Net: NetName=NetHDR_DE0_1_26 Pin=HDR_DE0_1-26
Added Pin To Net: NetName=NetHDR_DE0_1_26 Pin=R7_51-2
Added Net: Name=NetHDR_DE0_1_26
Added Pin To Net: NetName=NetHDR_DE0_1_28 Pin=HDR_DE0_1-28
Added Pin To Net: NetName=NetHDR_DE0_1_28 Pin=HDR_DE0_1-28
Added Pin To Net: NetName=NetHDR_DE0_1_28 Pin=R8_51-2
Added Net: Name=NetHDR_DE0_1_28
Added Pin To Net: NetName=NetHDR_DE0_1_29 Pin=HDR_DE0_1-29
Added Pin To Net: NetName=NetHDR_DE0_1_29 Pin=HDR_DE0_1-29
Added Pin To Net: NetName=NetHDR_DE0_1_29 Pin=R1-1
Added Pin To Net: NetName=NetHDR_DE0_1_29 Pin=R2-1
Added Net: Name=NetHDR_DE0_1_29
Added Pin To Net: NetName=NetHDR_DE0_1_30 Pin=HDR_DE0_1-30
Added Pin To Net: NetName=NetHDR_DE0_1_30 Pin=HDR_DE0_1-30
Added Pin To Net: NetName=NetHDR_DE0_1_30 Pin=R1_100-1
Added Pin To Net: NetName=NetHDR_DE0_1_30 Pin=R2_100-1
Added Pin To Net: NetName=NetHDR_DE0_1_30 Pin=R3_100-1
Added Pin To Net: NetName=NetHDR_DE0_1_30 Pin=R4_100-1
Added Pin To Net: NetName=NetHDR_DE0_1_30 Pin=R5_100-1
Added Pin To Net: NetName=NetHDR_DE0_1_30 Pin=R6_100-1
Added Pin To Net: NetName=NetHDR_DE0_1_30 Pin=R7_100-1
Added Pin To Net: NetName=NetHDR_DE0_1_30 Pin=R8_100-1
Added Net: Name=NetHDR_DE0_1_30
Added Pin To Net: NetName=Netmicro_bouton1_1 Pin=micro_bouton1-1
Added Pin To Net: NetName=Netmicro_bouton1_1 Pin=micro_bouton1-1
Added Pin To Net: NetName=Netmicro_bouton1_1 Pin=R2-2
Added Net: Name=Netmicro_bouton1_1
Added Pin To Net: NetName=Netmicro_bouton2_1 Pin=micro_bouton2-1
Added Pin To Net: NetName=Netmicro_bouton2_1 Pin=micro_bouton2-1
Added Pin To Net: NetName=Netmicro_bouton2_1 Pin=R1-2
Added Net: Name=Netmicro_bouton2_1
Added Pin To Net: NetName=NetR1_51_1 Pin=R1_51-1
Added Pin To Net: NetName=NetR1_51_1 Pin=R1_100-2
Added Pin To Net: NetName=NetR1_51_1 Pin=Seg_Disp1-14
Added Pin To Net: NetName=NetR1_51_1 Pin=Seg_Disp2-14
Added Pin To Net: NetName=NetR1_51_1 Pin=Seg_Disp3-14
Added Pin To Net: NetName=NetR1_51_1 Pin=Seg_Disp4-14
Added Pin To Net: NetName=NetR1_51_1 Pin=Seg_Disp5-14
Added Pin To Net: NetName=NetR1_51_1 Pin=Seg_Disp6-14
Added Net: Name=NetR1_51_1
Added Pin To Net: NetName=NetR2_51_1 Pin=R2_51-1
Added Pin To Net: NetName=NetR2_51_1 Pin=R2_100-2
Added Pin To Net: NetName=NetR2_51_1 Pin=Seg_Disp1-13
Added Pin To Net: NetName=NetR2_51_1 Pin=Seg_Disp2-13
Added Pin To Net: NetName=NetR2_51_1 Pin=Seg_Disp3-13
Added Pin To Net: NetName=NetR2_51_1 Pin=Seg_Disp4-13
Added Pin To Net: NetName=NetR2_51_1 Pin=Seg_Disp5-13
Added Pin To Net: NetName=NetR2_51_1 Pin=Seg_Disp6-13
Added Net: Name=NetR2_51_1
Added Pin To Net: NetName=NetR3_51_1 Pin=R3_51-1
Added Pin To Net: NetName=NetR3_51_1 Pin=R3_100-2
Added Pin To Net: NetName=NetR3_51_1 Pin=Seg_Disp1-11
Added Pin To Net: NetName=NetR3_51_1 Pin=Seg_Disp2-11
Added Pin To Net: NetName=NetR3_51_1 Pin=Seg_Disp3-11
Added Pin To Net: NetName=NetR3_51_1 Pin=Seg_Disp4-11
Added Pin To Net: NetName=NetR3_51_1 Pin=Seg_Disp5-11
Added Pin To Net: NetName=NetR3_51_1 Pin=Seg_Disp6-11
Added Net: Name=NetR3_51_1
Added Pin To Net: NetName=NetR4_51_1 Pin=R4_51-1
Added Pin To Net: NetName=NetR4_51_1 Pin=R4_100-2
Added Pin To Net: NetName=NetR4_51_1 Pin=Seg_Disp1-7
Added Pin To Net: NetName=NetR4_51_1 Pin=Seg_Disp2-7
Added Pin To Net: NetName=NetR4_51_1 Pin=Seg_Disp3-7
Added Pin To Net: NetName=NetR4_51_1 Pin=Seg_Disp4-7
Added Pin To Net: NetName=NetR4_51_1 Pin=Seg_Disp5-7
Added Pin To Net: NetName=NetR4_51_1 Pin=Seg_Disp6-7
Added Net: Name=NetR4_51_1
Added Pin To Net: NetName=NetR5_51_1 Pin=R5_51-1
Added Pin To Net: NetName=NetR5_51_1 Pin=R5_100-2
Added Pin To Net: NetName=NetR5_51_1 Pin=Seg_Disp1-6
Added Pin To Net: NetName=NetR5_51_1 Pin=Seg_Disp2-6
Added Pin To Net: NetName=NetR5_51_1 Pin=Seg_Disp3-6
Added Pin To Net: NetName=NetR5_51_1 Pin=Seg_Disp4-6
Added Pin To Net: NetName=NetR5_51_1 Pin=Seg_Disp5-6
Added Pin To Net: NetName=NetR5_51_1 Pin=Seg_Disp6-6
Added Net: Name=NetR5_51_1
Added Pin To Net: NetName=NetR6_51_1 Pin=R6_51-1
Added Pin To Net: NetName=NetR6_51_1 Pin=R6_100-2
Added Pin To Net: NetName=NetR6_51_1 Pin=Seg_Disp1-2
Added Pin To Net: NetName=NetR6_51_1 Pin=Seg_Disp2-2
Added Pin To Net: NetName=NetR6_51_1 Pin=Seg_Disp3-2
Added Pin To Net: NetName=NetR6_51_1 Pin=Seg_Disp4-2
Added Pin To Net: NetName=NetR6_51_1 Pin=Seg_Disp5-2
Added Pin To Net: NetName=NetR6_51_1 Pin=Seg_Disp6-2
Added Net: Name=NetR6_51_1
Added Pin To Net: NetName=NetR7_51_1 Pin=R7_51-1
Added Pin To Net: NetName=NetR7_51_1 Pin=R7_100-2
Added Pin To Net: NetName=NetR7_51_1 Pin=Seg_Disp1-3
Added Pin To Net: NetName=NetR7_51_1 Pin=Seg_Disp2-3
Added Pin To Net: NetName=NetR7_51_1 Pin=Seg_Disp3-3
Added Pin To Net: NetName=NetR7_51_1 Pin=Seg_Disp4-3
Added Pin To Net: NetName=NetR7_51_1 Pin=Seg_Disp5-3
Added Pin To Net: NetName=NetR7_51_1 Pin=Seg_Disp6-3
Added Net: Name=NetR7_51_1
Added Pin To Net: NetName=NetR8_51_1 Pin=R8_51-1
Added Pin To Net: NetName=NetR8_51_1 Pin=R8_100-2
Added Pin To Net: NetName=NetR8_51_1 Pin=Seg_Disp1-10
Added Pin To Net: NetName=NetR8_51_1 Pin=Seg_Disp2-10
Added Pin To Net: NetName=NetR8_51_1 Pin=Seg_Disp3-10
Added Pin To Net: NetName=NetR8_51_1 Pin=Seg_Disp4-10
Added Pin To Net: NetName=NetR8_51_1 Pin=Seg_Disp5-10
Added Pin To Net: NetName=NetR8_51_1 Pin=Seg_Disp6-10
Added Net: Name=NetR8_51_1
Added Member To Class: ClassName=Schema_Horloge_DCF Member=Component act1 T_NMOS_60V_150mA_SOT23
Added Member To Class: ClassName=Schema_Horloge_DCF Member=Component act2 T_NMOS_60V_150mA_SOT23
Added Member To Class: ClassName=Schema_Horloge_DCF Member=Component act3 T_NMOS_60V_150mA_SOT23
Added Member To Class: ClassName=Schema_Horloge_DCF Member=Component act4 T_NMOS_60V_150mA_SOT23
Added Member To Class: ClassName=Schema_Horloge_DCF Member=Component act5 T_NMOS_60V_150mA_SOT23
Added Member To Class: ClassName=Schema_Horloge_DCF Member=Component act6 T_NMOS_60V_150mA_SOT23
Added Member To Class: ClassName=Schema_Horloge_DCF Member=Component micro_bouton1 micro_bouton_poussoir
Added Member To Class: ClassName=Schema_Horloge_DCF Member=Component micro_bouton2 micro_bouton_poussoir
Added Member To Class: ClassName=Schema_Horloge_DCF Member=Component R1_51 R_051R_0805
Added Member To Class: ClassName=Schema_Horloge_DCF Member=Component R1_100 R_100R_1206
Added Member To Class: ClassName=Schema_Horloge_DCF Member=Component R1 R_01K0_0805
Added Member To Class: ClassName=Schema_Horloge_DCF Member=Component R2_51 R_051R_0805
Added Member To Class: ClassName=Schema_Horloge_DCF Member=Component R2_100 R_100R_1206
Added Member To Class: ClassName=Schema_Horloge_DCF Member=Component R2 R_01K0_0805
Added Member To Class: ClassName=Schema_Horloge_DCF Member=Component R3_51 R_051R_0805
Added Member To Class: ClassName=Schema_Horloge_DCF Member=Component R3_100 R_100R_1206
Added Member To Class: ClassName=Schema_Horloge_DCF Member=Component R4_51 R_051R_0805
Added Member To Class: ClassName=Schema_Horloge_DCF Member=Component R4_100 R_100R_1206
Added Member To Class: ClassName=Schema_Horloge_DCF Member=Component R5_51 R_051R_0805
Added Member To Class: ClassName=Schema_Horloge_DCF Member=Component R5_100 R_100R_1206
Added Member To Class: ClassName=Schema_Horloge_DCF Member=Component R6_51 R_051R_0805
Added Member To Class: ClassName=Schema_Horloge_DCF Member=Component R6_100 R_100R_1206
Added Member To Class: ClassName=Schema_Horloge_DCF Member=Component R7_51 R_051R_0805
Added Member To Class: ClassName=Schema_Horloge_DCF Member=Component R7_100 R_100R_1206
Added Member To Class: ClassName=Schema_Horloge_DCF Member=Component R8_51 R_051R_0805
Added Member To Class: ClassName=Schema_Horloge_DCF Member=Component R8_100 R_100R_1206
Added Member To Class: ClassName=Schema_Horloge_DCF Member=Component Seg_Disp1 Seg Numeric Led 1x7
Added Member To Class: ClassName=Schema_Horloge_DCF Member=Component Seg_Disp2 Seg Numeric Led 1x7
Added Member To Class: ClassName=Schema_Horloge_DCF Member=Component Seg_Disp3 Seg Numeric Led 1x7
Added Member To Class: ClassName=Schema_Horloge_DCF Member=Component Seg_Disp4 Seg Numeric Led 1x7
Added Member To Class: ClassName=Schema_Horloge_DCF Member=Component Seg_Disp5 Seg Numeric Led 1x7
Added Member To Class: ClassName=Schema_Horloge_DCF Member=Component Seg_Disp6 Seg Numeric Led 1x7
Added Room: Name=Schema_Horloge_DCF
